<?xml version="1.0" encoding="UTF-8"?>
<testsuite name="TwoferTest" tests="4" skipped="0" failures="0" errors="0" timestamp="2021-03-04T16:08:02" hostname="jordan.local" time="0.025">
  <properties/>
  <testcase name="noNameGiven" classname="TwoferTest" time="0.022"/>
  <testcase name="emptyStringIsNotTheSameAsNull" classname="TwoferTest" time="0.001"/>
  <testcase name="aNameGiven" classname="TwoferTest" time="0.001"/>
  <testcase name="anotherNameGiven" classname="TwoferTest" time="0.001"/>
  <system-out><![CDATA[]]></system-out>
  <system-err><![CDATA[]]></system-err>
</testsuite>
